<?xml version="1.0" encoding="utf-8"?>
<coverage line-rate="1" branch-rate="1" version="1.9" timestamp="1677674467" lines-covered="12" lines-valid="12" branches-covered="6" branches-valid="6">
  <sources>
    <source>/</source>
  </sources>
  <packages>
    <package name="Numbers" line-rate="1" branch-rate="1" complexity="6">
      <classes>
        <class name="System.Numbers.PrimeService" filename="Users/ylnq/Works/code/UnitTestingCodeCoverage/Numbers/Class1.cs" line-rate="1" branch-rate="1" complexity="6">
          <methods>
            <method name="IsPrime" signature="(System.Int32)" line-rate="1" branch-rate="1" complexity="6">
              <lines>
                <line number="6" hits="11" branch="False" />
                <line number="7" hits="11" branch="True" condition-coverage="100% (2/2)">
                  <conditions>
                    <condition number="7" type="jump" coverage="100%" />
                  </conditions>
                </line>
                <line number="8" hits="3" branch="False" />
                <line number="9" hits="3" branch="False" />
                <line number="12" hits="22" branch="True" condition-coverage="100% (2/2)">
                  <conditions>
                    <condition number="57" type="jump" coverage="100%" />
                  </conditions>
                </line>
                <line number="13" hits="7" branch="False" />
                <line number="14" hits="7" branch="True" condition-coverage="100% (2/2)">
                  <conditions>
                    <condition number="27" type="jump" coverage="100%" />
                  </conditions>
                </line>
                <line number="15" hits="4" branch="False" />
                <line number="16" hits="4" branch="False" />
                <line number="18" hits="3" branch="False" />
                <line number="19" hits="4" branch="False" />
                <line number="20" hits="11" branch="False" />
              </lines>
            </method>
          </methods>
          <lines>
            <line number="6" hits="11" branch="False" />
            <line number="7" hits="11" branch="True" condition-coverage="100% (2/2)">
              <conditions>
                <condition number="7" type="jump" coverage="100%" />
              </conditions>
            </line>
            <line number="8" hits="3" branch="False" />
            <line number="9" hits="3" branch="False" />
            <line number="12" hits="22" branch="True" condition-coverage="100% (2/2)">
              <conditions>
                <condition number="57" type="jump" coverage="100%" />
              </conditions>
            </line>
            <line number="13" hits="7" branch="False" />
            <line number="14" hits="7" branch="True" condition-coverage="100% (2/2)">
              <conditions>
                <condition number="27" type="jump" coverage="100%" />
              </conditions>
            </line>
            <line number="15" hits="4" branch="False" />
            <line number="16" hits="4" branch="False" />
            <line number="18" hits="3" branch="False" />
            <line number="19" hits="4" branch="False" />
            <line number="20" hits="11" branch="False" />
          </lines>
        </class>
      </classes>
    </package>
  </packages>
</coverage>